mode: set
github.com/backsoul/pattern/internal/database.go:25.55,30.16 4 0
github.com/backsoul/pattern/internal/database.go:30.16,32.3 1 0
github.com/backsoul/pattern/internal/database.go:34.2,35.16 2 0
github.com/backsoul/pattern/internal/database.go:35.16,37.3 1 0
github.com/backsoul/pattern/internal/database.go:39.2,40.16 2 0
github.com/backsoul/pattern/internal/database.go:43.53,45.2 1 0
github.com/backsoul/pattern/internal/database.go:57.56,62.16 3 0
github.com/backsoul/pattern/internal/database.go:62.16,64.3 1 0
github.com/backsoul/pattern/internal/database.go:66.2,67.16 2 0
github.com/backsoul/pattern/internal/database.go:67.16,69.3 1 0
github.com/backsoul/pattern/internal/database.go:71.2,72.16 2 0
github.com/backsoul/pattern/internal/database.go:75.55,77.2 1 0
github.com/backsoul/pattern/internal/database.go:80.35,83.40 2 0
github.com/backsoul/pattern/internal/database.go:83.40,85.3 1 0
github.com/backsoul/pattern/internal/database.go:88.2,91.16 2 0
github.com/backsoul/pattern/internal/database.go:92.15,99.4 1 0
github.com/backsoul/pattern/internal/database.go:100.18,107.4 1 0
github.com/backsoul/pattern/internal/database.go:108.10,109.68 1 0
github.com/backsoul/pattern/internal/database.go:111.2,111.23 1 0
